2019_02_08
----------------- 
第二阶段开发设计手册

1.开发进度
	1、问题设置
	2、补签功能写入数据库
	3、课后交流
	4、签到功能完善，二维码，人脸识别
	5、小程序 v1版本 仅提供签到功能，有时间提供：答题功能
2.详细思路
	1、问题设置
		1.老师端teaClass.jsp
			在每个课堂点击设置问题之后，出现一个页面，
			页面上面会出现上传PPT(解析ppt)有一个按钮可以对每张ppt设置问题，
			可以添加问题答案，问题可以修改，每个问题可以设置开始答题，设置是否匿名，
			开始答题后实时刷新统计结果（有每个选项的人数，正确答案的人数，错误的人数，总人数，答题人数）
			每个题目有查看每个学生选项的详细页
			
			有勾选批量开始答题功能
			问题可以上传图片来替代文字
			课堂结束两天后停止答题功能，并将答题结果以积分形式计入学生账号
			
		2.学生端stuIndex.jsp
			老师点击开始答题后方可答题
			学生首页添加“待完成”选项卡，将显示出全部的没有答题的全部选项卡
			显示每个题目可以答题的时间过时 将无法答题
			
			
	2、补签功能写入数据库
		1.改变输入学生id的考情状态
	
	3、课后交流
		1.查看聊天室视频来开发
		2.老师端聊天室可以点击学生头像给积极交流的学生加积分
		
	4、签到功能完善，二维码，人脸识别
		1. 学生在课堂信息可以看到自己的选课，每个选课中有每堂课的详细，点入可以查看ppt等信息，老师提问，签到
			签到中更具老师设置的签到方式，自动响应到各种签到页面，上传图片（识别图片中的exif中的时间是否符合这点到的时间，
			不记得点到有没有时间，如果没有就修改数据库）
			记录mac地址信息，修改数据库，添加一列mac地址信息，防止同一手机重复签到
			
		2. 加入二维码扫描点到，设置毫秒级更新二维码，后台通过随机数生成密码，存入数据库，发往前台，前台通过js并且加以时间的
			乘集取前6位生成二维码后台设置当前时间的前2秒与前台一样的运算算法，取得6位浮动范围， 当用户点到时发送二维码中
			的数据以及mac地址给后台
	
-----------------



2019_02_11
----------------- 
多选框  .checked; 来判断
先传入有多少个问题，id设置为name+i
js通过for 来查看那些选了 通过数组传向后台
批量改值


提问题弹出以实现，
分为文本框和上传图片 上传图片同过 https://tutorialzine.com/2013/05/mini-ajax-file-upload-form 实现
选项 有4个 或是文本框  若为文本框 
有选项卡为是否为匿名

统计图用饼图使用 https://echarts.baidu.com/

遗留bug——如果打开页面添加提问，并上传图片  随后不刷新 再次进入提问，上次上传的照片会被连续使用
遗留bug——批量提问未做
----------------- 

2019_02_12
----------------- 
学生答题
	判断课堂时间与答题时间两天的时间差

遗留bug——学生进入课堂没有做分页

----------------- 


2019_02_13
----------------- 
完成了 
		学生答题功能 
		1.在学生回答问题之后 stuclass  StudentClassroomWeb 中  需要验证答案，并且计入积分，超出课堂时间2天之后无法作答
		将补签功能完善
未开发：
		2.开始答题后实时刷新统计结果（有每个选项的人数，正确答案的人数，错误的人数，总人数，答题人数）
		3.每个题目有查看每个学生选项的详细页
	

开发进度：
	未开发：
		2.开始答题后实时刷新统计结果（有每个选项的人数，正确答案的人数，错误的人数，总人数，答题人数）
		3.每个题目有查看每个学生选项的详细页
	3、课后交流
		1.查看聊天室视频来开发
		2.老师端聊天室可以点击学生头像给积极交流的学生加积分
		
	4、签到功能完善，二维码，人脸识别
		1. 学生在课堂信息可以看到自己的选课，每个选课中有每堂课的详细，点入可以查看ppt等信息，老师提问，签到
			签到中更具老师设置的签到方式，自动响应到各种签到页面，上传图片（识别图片中的exif中的时间是否符合这点到的时间，
			不记得点到有没有时间，如果没有就修改数据库）
			记录mac地址信息，修改数据库，添加一列mac地址信息，防止同一手机重复签到
			
		2. 加入二维码扫描点到，设置毫秒级更新二维码，后台通过随机数生成密码，存入数据库，发往前台，前台通过js并且加以时间的
			乘集取前6位生成二维码后台设置当前时间的前2秒与前台一样的运算算法，取得6位浮动范围， 当用户点到时发送二维码中
			的数据以及mac地址给后台

----------------- 



2019_02_15
-----------------
完成了：
	2.开始答题后实时刷新统计结果（有每个选项的人数，正确答案的人数，错误的人数，总人数，答题人数）  
	3.每个题目有查看每个学生选项的详细页
	
遗留bug —— 需要重构 teaQuestion.jsp 的查看详情的弹出层的手机版的布局

开发进度：
	3、课后交流
		1.查看聊天室视频来开发
		2.老师端聊天室可以点击学生头像给积极交流的学生加积分
		
	4、签到功能完善，二维码，人脸识别
		1. 学生在课堂信息可以看到自己的选课的签到
			签到中更具老师设置的签到方式，自动响应到各种签到页面，上传图片（识别图片中的exif中的时间是否符合这点到的时间，
			不记得点到有没有时间，如果没有就修改数据库）
			记录mac地址信息，修改数据库，添加一列mac地址信息，防止同一手机重复签到
			
		2. 加入二维码扫描点到，设置毫秒级更新二维码，后台通过随机数生成密码，存入数据库，发往前台，前台通过js并且加以时间的
			乘集取前6位生成二维码后台设置当前时间的前2秒与前台一样的运算算法，取得6位浮动范围， 当用户点到时发送二维码中
			的数据以及mac地址给后台
	
	
开发计划：
	开学后开发——课后交流
	开学前开发完——签到完善
----------------- 


2019_02_15
-----------------
完成：
点到 地方  开始点到 数据库 添加一个数据是否可以点到    添加一个数据 是那种点到方式
点到的前台  设置可选  是那种点到方式
点到两种方式的前台


思路：
	明天的  已经开启点到还未结束的 再次进入  需要判断是那种点到，如果选择错点到方式  不予理睬 直接进第二种
	
	二维码刷新的 要将密码值放入数据库
	
	创建新的点到时  要写入是第一总点到 还是第二种点到
	
	学生端使用微信小程序 来实现签到
		微信小程序 只做登录与扫二维码 和 自拍并获取gps信息
		
-----------------


2019_02_15
-----------------
完成
	答错加少量分
	已经开启点到还未结束的 再次进入  需要判断是那种点到，如果选择错点到方式  不予理睬 直接进第二种

思路：
	要将atendenc2.jsp只的 开始点到改了  
	操作出 二维码刷新的 要将密码值放入数据库
	删除获取gps信息的那个数据 
	
	
待完成;
	二维码附带链接
-----------------


